#
# A fatal error has been detected by the Java Runtime Environment:
#
#  EXCEPTION_ACCESS_VIOLATION (0xc0000005) at pc=0x00007ffc42c3c8e0, pid=33048, tid=37576
#
# JRE version: OpenJDK Runtime Environment Zulu17.38+21-CA (17.0.5+8) (build 17.0.5+8-LTS)
# Java VM: OpenJDK 64-Bit Server VM Zulu17.38+21-CA (17.0.5+8-LTS, mixed mode, emulated-client, sharing, tiered, compressed oops, compressed class ptrs, g1 gc, windows-amd64)
# Problematic frame:
# V  [jvm.dll+0xc8e0]
#
# No core dump will be written. Minidumps are not enabled by default on client versions of Windows
#
# If you would like to submit a bug report, please visit:
#   http://www.azul.com/support/
#

---------------  S U M M A R Y ------------

Command Line: -XX:TieredStopAtLevel=1 -Xverify:none -Dspring.output.ansi.enabled=always -javaagent:D:\Tools\JetBrains\IntelliJ IDEA 2021.2.2\lib\idea_rt.jar=63886:D:\Tools\JetBrains\IntelliJ IDEA 2021.2.2\bin -Dcom.sun.management.jmxremote -Dspring.jmx.enabled=true -Dspring.liveBeansView.mbeanDomain -Dspring.application.admin.enabled=true -Dfile.encoding=UTF-8 com.example.justhistory.JustHistoryApplication

Host: Intel(R) Core(TM) i5-1035G1 CPU @ 1.00GHz, 8 cores, 7G,  Windows 11 , 64 bit Build 22000 (10.0.22000.1219)
Time: Fri Dec  2 09:05:10 2022  Windows 11 , 64 bit Build 22000 (10.0.22000.1219) elapsed time: 108.843637 seconds (0d 0h 1m 48s)

---------------  T H R E A D  ---------------

Current thread (0x000001d8d041c320):  JavaThread "http-nio-7605-exec-1" daemon [_thread_in_vm, id=37576, stack(0x0000007979100000,0x0000007979200000)]

Stack: [0x0000007979100000,0x0000007979200000],  sp=0x00000079791fc998,  free space=1010k
Native frames: (J=compiled Java code, j=interpreted, Vv=VM code, C=native code)
V  [jvm.dll+0xc8e0]

Java frames: (J=compiled Java code, j=interpreted, Vv=VM code)
j  javaInvokePcaDll.invokePca.pcaFaultDiagnosis([[D[[DDD[DIIII)[D+0
j  javaInvokePcaDll.invokePca.getStatistics([[D[[DDD[DIIII)[D+31
j  com.example.justhistory.controller.invokcontroller.getStatistics(Ljakarta/servlet/http/HttpServletRequest;)Ljava/lang/Object;+452
v  ~StubRoutines::call_stub
j  jdk.internal.reflect.NativeMethodAccessorImpl.invoke0(Ljava/lang/reflect/Method;Ljava/lang/Object;[Ljava/lang/Object;)Ljava/lang/Object;+0 java.base@17.0.5
j  jdk.internal.reflect.NativeMethodAccessorImpl.invoke(Ljava/lang/Object;[Ljava/lang/Object;)Ljava/lang/Object;+133 java.base@17.0.5
J 3469 c1 jdk.internal.reflect.DelegatingMethodAccessorImpl.invoke(Ljava/lang/Object;[Ljava/lang/Object;)Ljava/lang/Object; java.base@17.0.5 (10 bytes) @ 0x000001d8c32f1ce4 [0x000001d8c32f1ca0+0x0000000000000044]
j  java.lang.reflect.Method.invoke(Ljava/lang/Object;[Ljava/lang/Object;)Ljava/lang/Object;+59 java.base@17.0.5
j  org.springframework.web.method.support.InvocableHandlerMethod.doInvoke([Ljava/lang/Object;)Ljava/lang/Object;+29
j  org.springframework.web.method.support.InvocableHandlerMethod.invokeForRequest(Lorg/springframework/web/context/request/NativeWebRequest;Lorg/springframework/web/method/support/ModelAndViewContainer;[Ljava/lang/Object;)Ljava/lang/Object;+41
j  org.springframework.web.servlet.mvc.method.annotation.ServletInvocableHandlerMethod.invokeAndHandle(Lorg/springframework/web/context/request/ServletWebRequest;Lorg/springframework/web/method/support/ModelAndViewContainer;[Ljava/lang/Object;)V+4
j  org.springframework.web.servlet.mvc.method.annotation.RequestMappingHandlerAdapter.invokeHandlerMethod(Ljakarta/servlet/http/HttpServletRequest;Ljakarta/servlet/http/HttpServletResponse;Lorg/springframework/web/method/HandlerMethod;)Lorg/springframework/web/servlet/ModelAndView;+244
j  org.springframework.web.servlet.mvc.method.annotation.RequestMappingHandlerAdapter.handleInternal(Ljakarta/servlet/http/HttpServletRequest;Ljakarta/servlet/http/HttpServletResponse;Lorg/springframework/web/method/HandlerMethod;)Lorg/springframework/web/servlet/ModelAndView;+81
j  org.springframework.web.servlet.mvc.method.AbstractHandlerMethodAdapter.handle(Ljakarta/servlet/http/HttpServletRequest;Ljakarta/servlet/http/HttpServletResponse;Ljava/lang/Object;)Lorg/springframework/web/servlet/ModelAndView;+7
j  org.springframework.web.servlet.DispatcherServlet.doDispatch(Ljakarta/servlet/http/HttpServletRequest;Ljakarta/servlet/http/HttpServletResponse;)V+259
j  org.springframework.web.servlet.DispatcherServlet.doService(Ljakarta/servlet/http/HttpServletRequest;Ljakarta/servlet/http/HttpServletResponse;)V+242
j  org.springframework.web.servlet.FrameworkServlet.processRequest(Ljakarta/servlet/http/HttpServletRequest;Ljakarta/servlet/http/HttpServletResponse;)V+70
j  org.springframework.web.servlet.FrameworkServlet.doPost(Ljakarta/servlet/http/HttpServletRequest;Ljakarta/servlet/http/HttpServletResponse;)V+3
j  jakarta.servlet.http.HttpServlet.service(Ljakarta/servlet/http/HttpServletRequest;Ljakarta/servlet/http/HttpServletResponse;)V+149
j  org.springframework.web.servlet.FrameworkServlet.service(Ljakarta/servlet/http/HttpServletRequest;Ljakarta/servlet/http/HttpServletResponse;)V+32
j  jakarta.servlet.http.HttpServlet.service(Ljakarta/servlet/ServletRequest;Ljakarta/servlet/ServletResponse;)V+36
j  org.apache.catalina.core.ApplicationFilterChain.internalDoFilter(Ljakarta/servlet/ServletRequest;Ljakarta/servlet/ServletResponse;)V+305
j  org.apache.catalina.core.ApplicationFilterChain.doFilter(Ljakarta/servlet/ServletRequest;Ljakarta/servlet/ServletResponse;)V+99
j  org.apache.tomcat.websocket.server.WsFilter.doFilter(Ljakarta/servlet/ServletRequest;Ljakarta/servlet/ServletResponse;Ljakarta/servlet/FilterChain;)V+21
j  org.apache.catalina.core.ApplicationFilterChain.internalDoFilter(Ljakarta/servlet/ServletRequest;Ljakarta/servlet/ServletResponse;)V+135
j  org.apache.catalina.core.ApplicationFilterChain.doFilter(Ljakarta/servlet/ServletRequest;Ljakarta/servlet/ServletResponse;)V+99
j  org.springframework.web.filter.RequestContextFilter.doFilterInternal(Ljakarta/servlet/http/HttpServletRequest;Ljakarta/servlet/http/HttpServletResponse;Ljakarta/servlet/FilterChain;)V+21
j  org.springframework.web.filter.OncePerRequestFilter.doFilter(Ljakarta/servlet/ServletRequest;Ljakarta/servlet/ServletResponse;Ljakarta/servlet/FilterChain;)V+150
j  org.apache.catalina.core.ApplicationFilterChain.internalDoFilter(Ljakarta/servlet/ServletRequest;Ljakarta/servlet/ServletResponse;)V+135
j  org.apache.catalina.core.ApplicationFilterChain.doFilter(Ljakarta/servlet/ServletRequest;Ljakarta/servlet/ServletResponse;)V+99
j  org.springframework.web.filter.FormContentFilter.doFilterInternal(Ljakarta/servlet/http/HttpServletRequest;Ljakarta/servlet/http/HttpServletResponse;Ljakarta/servlet/FilterChain;)V+38
j  org.springframework.web.filter.OncePerRequestFilter.doFilter(Ljakarta/servlet/ServletRequest;Ljakarta/servlet/ServletResponse;Ljakarta/servlet/FilterChain;)V+150
j  org.apache.catalina.core.ApplicationFilterChain.internalDoFilter(Ljakarta/servlet/ServletRequest;Ljakarta/servlet/ServletResponse;)V+135
j  org.apache.catalina.core.ApplicationFilterChain.doFilter(Ljakarta/servlet/ServletRequest;Ljakarta/servlet/ServletResponse;)V+99
j  org.springframework.web.filter.CharacterEncodingFilter.doFilterInternal(Ljakarta/servlet/http/HttpServletRequest;Ljakarta/servlet/http/HttpServletResponse;Ljakarta/servlet/FilterChain;)V+53
j  org.springframework.web.filter.OncePerRequestFilter.doFilter(Ljakarta/servlet/ServletRequest;Ljakarta/servlet/ServletResponse;Ljakarta/servlet/FilterChain;)V+150
j  org.apache.catalina.core.ApplicationFilterChain.internalDoFilter(Ljakarta/servlet/ServletRequest;Ljakarta/servlet/ServletResponse;)V+135
j  org.apache.catalina.core.ApplicationFilterChain.doFilter(Ljakarta/servlet/ServletRequest;Ljakarta/servlet/ServletResponse;)V+99
j  org.apache.catalina.core.StandardWrapperValve.invoke(Lorg/apache/catalina/connector/Request;Lorg/apache/catalina/connector/Response;)V+694
j  org.apache.catalina.core.StandardContextValve.invoke(Lorg/apache/catalina/connector/Request;Lorg/apache/catalina/connector/Response;)V+169
j  org.apache.catalina.authenticator.AuthenticatorBase.invoke(Lorg/apache/catalina/connector/Request;Lorg/apache/catalina/connector/Response;)V+218
j  org.apache.catalina.core.StandardHostValve.invoke(Lorg/apache/catalina/connector/Request;Lorg/apache/catalina/connector/Response;)V+131
j  org.apache.catalina.valves.ErrorReportValve.invoke(Lorg/apache/catalina/connector/Request;Lorg/apache/catalina/connector/Response;)V+6
j  org.apache.catalina.core.StandardEngineValve.invoke(Lorg/apache/catalina/connector/Request;Lorg/apache/catalina/connector/Response;)V+59
j  org.apache.catalina.connector.CoyoteAdapter.service(Lorg/apache/coyote/Request;Lorg/apache/coyote/Response;)V+203
j  org.apache.coyote.http11.Http11Processor.service(Lorg/apache/tomcat/util/net/SocketWrapperBase;)Lorg/apache/tomcat/util/net/AbstractEndpoint$Handler$SocketState;+785
j  org.apache.coyote.AbstractProcessorLight.process(Lorg/apache/tomcat/util/net/SocketWrapperBase;Lorg/apache/tomcat/util/net/SocketEvent;)Lorg/apache/tomcat/util/net/AbstractEndpoint$Handler$SocketState;+152
j  org.apache.coyote.AbstractProtocol$ConnectionHandler.process(Lorg/apache/tomcat/util/net/SocketWrapperBase;Lorg/apache/tomcat/util/net/SocketEvent;)Lorg/apache/tomcat/util/net/AbstractEndpoint$Handler$SocketState;+482
j  org.apache.tomcat.util.net.NioEndpoint$SocketProcessor.doRun()V+249
j  org.apache.tomcat.util.net.SocketProcessorBase.run()V+32
j  org.apache.tomcat.util.threads.ThreadPoolExecutor.runWorker(Lorg/apache/tomcat/util/threads/ThreadPoolExecutor$Worker;)V+92
j  org.apache.tomcat.util.threads.ThreadPoolExecutor$Worker.run()V+5
j  org.apache.tomcat.util.threads.TaskThread$WrappingRunnable.run()V+4
j  java.lang.Thread.run()V+11 java.base@17.0.5
v  ~StubRoutines::call_stub

siginfo: EXCEPTION_ACCESS_VIOLATION (0xc0000005), reading address 0x0000000000000000


Register to memory mapping:

RIP=0x00007ffc42c3c8e0 jvm.dll
RAX=0x0 is NULL
RBX=0x000001d8d041c320 is a thread
RCX=0x0 is NULL
RDX=0x0 is NULL
RSP=0x00000079791fc998 is pointing into the stack for thread: 0x000001d8d041c320
RBP=0x0 is NULL
RSI=0x0 is NULL
RDI=0x0 is NULL
R8 =0x0 is NULL
R9 =0x00007ffc4374a810 jvm.dll
R10=0x0000000000000035 is an unknown value
R11=0x0000000000000073 is an unknown value
R12=0x0 is NULL
R13=0x0000000000000064 is an unknown value
R14=0x0000000000000032 is an unknown value
R15=0x0 is NULL


Registers:
RAX=0x0000000000000000, RBX=0x000001d8d041c320, RCX=0x0000000000000000, RDX=0x0000000000000000
RSP=0x00000079791fc998, RBP=0x0000000000000000, RSI=0x0000000000000000, RDI=0x0000000000000000
R8 =0x0000000000000000, R9 =0x00007ffc4374a810, R10=0x0000000000000035, R11=0x0000000000000073
R12=0x0000000000000000, R13=0x0000000000000064, R14=0x0000000000000032, R15=0x0000000000000000
RIP=0x00007ffc42c3c8e0, EFLAGS=0x0000000000010246

Top of Stack: (sp=0x00000079791fc998)
0x00000079791fc998:   00007ffc4300b8c9 000001d8ce7fc728
0x00000079791fc9a8:   0000000000000032 0000000000000064
0x00000079791fc9b8:   00000079791fcbc8 000001d8ce739dd0
0x00000079791fc9c8:   000001d8d041c5d0 0000000000000006
0x00000079791fc9d8:   00007ffc504217d8 0000000000000000
0x00000079791fc9e8:   00000079791fcbc8 000001d8d041c5d0
0x00000079791fc9f8:   0000000000000000 000000000000000c
0x00000079791fca08:   000001d8d179c7a0 00000079791fcb58
0x00000079791fca18:   00007ffc42fb5d42 0000015555aefbba
0x00000079791fca28:   000001d8c2b182ba 000001d8ce739c40
0x00000079791fca38:   00000079791fca80 0000000000000064
0x00000079791fca48:   000001d8d041c320 000001d8d041c320
0x00000079791fca58:   00000079791fcbd0 000001d8d179c7a0
0x00000079791fca68:   0000000000000000 0000000000000002
0x00000079791fca78:   000000000000000c 00000079791fcb58
0x00000079791fca88:   000001d8c2afd0a8 000001d8d041c320 

Instructions: (pc=0x00007ffc42c3c8e0)
0x00007ffc42c3c7e0:   00 00 00 48 8b 41 38 48 8b 80 88 09 00 00 48 8b
0x00007ffc42c3c7f0:   48 08 48 8b 40 50 48 d3 ea 80 3c 02 01 0f 85 cd
0x00007ffc42c3c800:   00 00 00 48 8b 13 0f b6 c2 24 03 3c 03 75 19 48
0x00007ffc42c3c810:   83 e2 fc 74 13 48 3b da 74 11 48 8b c2 48 8b 5c
0x00007ffc42c3c820:   24 38 48 83 c4 20 5e c3 48 8b d3 48 8b 46 38 0f
0x00007ffc42c3c830:   be 88 f0 02 00 00 c1 e9 02 f6 c1 01 74 dc 48 89
0x00007ffc42c3c840:   7c 24 30 e8 38 e4 ff ff 48 8b 0d 59 ea ba 00 48
0x00007ffc42c3c850:   8b f8 48 81 c1 90 09 00 00 8b 41 40 0f b6 57 21
0x00007ffc42c3c860:   8d 42 01 88 47 21 84 d2 75 0a 48 8b d7 e8 fe e9
0x00007ffc42c3c870:   6f 00 eb 20 80 7f 22 00 75 1a 8b 41 40 85 05 01
0x00007ffc42c3c880:   f3 9a 00 74 0f b8 ff ff ff ff f0 0f c1 41 40 e8
0x00007ffc42c3c890:   2c ea 6f 00 48 8b 4e 38 4c 8b c7 48 8b d3 e8 dd
0x00007ffc42c3c8a0:   f7 ff ff 0f b6 4f 21 48 8b d8 48 8b 15 f7 e9 ba
0x00007ffc42c3c8b0:   00 8d 41 ff 88 47 21 80 f9 01 77 0f 48 8d 8a 90
0x00007ffc42c3c8c0:   09 00 00 48 8b d7 e8 d5 e9 6f 00 48 8b 7c 24 30
0x00007ffc42c3c8d0:   48 8b c3 48 8b 5c 24 38 48 83 c4 20 5e c3 cc cc
0x00007ffc42c3c8e0:   48 8b 01 c3 cc cc cc cc cc cc cc cc cc cc cc cc
0x00007ffc42c3c8f0:   4c 8b 01 4c 8b c9 48 8b 0d d3 74 b6 00 ba 44 60
0x00007ffc42c3c900:   08 00 e9 59 f2 ff ff cc cc cc cc cc cc cc cc cc
0x00007ffc42c3c910:   48 89 5c 24 08 57 48 83 ec 20 48 8b 39 48 8b d9
0x00007ffc42c3c920:   48 85 3d a1 58 bb 00 75 0e 48 8b c7 48 8b 5c 24
0x00007ffc42c3c930:   30 48 83 c4 20 5f c3 48 8b cf e8 61 b9 85 00 48
0x00007ffc42c3c940:   8b d0 48 85 c0 74 20 48 8b c7 f0 48 0f b1 13 74
0x00007ffc42c3c950:   16 48 85 05 70 58 bb 00 74 0d 48 8b c8 f0 48 0f
0x00007ffc42c3c960:   b1 13 48 3b c1 75 ea 48 8b 5c 24 30 48 8b c2 48
0x00007ffc42c3c970:   83 c4 20 5f c3 cc cc cc cc cc cc cc cc cc cc cc
0x00007ffc42c3c980:   4c 8b 01 4c 8b c9 48 8b 0d 43 74 b6 00 ba 64 60
0x00007ffc42c3c990:   08 00 e9 c9 f1 ff ff cc cc cc cc cc cc cc cc cc
0x00007ffc42c3c9a0:   8b 05 42 b9 b0 00 c3 cc cc cc cc cc cc cc cc cc
0x00007ffc42c3c9b0:   0f b6 05 fb 80 b7 00 48 8b d1 84 c0 74 16 44 8b
0x00007ffc42c3c9c0:   41 08 8b 0d 20 b9 b0 00 49 d3 e0 4c 03 05 0e b9
0x00007ffc42c3c9d0:   b0 00 eb 04 4c 8b 41 08 45 8b 50 08 45 85 d2 7e 


Stack slot to memory mapping:
stack at sp + 0 slots: 0x00007ffc4300b8c9 jvm.dll
stack at sp + 1 slots: 0x000001d8ce7fc728 points into unknown readable memory: 0x000000008597c730 | 30 c7 97 85 00 00 00 00
stack at sp + 2 slots: 0x0000000000000032 is an unknown value
stack at sp + 3 slots: 0x0000000000000064 is an unknown value
stack at sp + 4 slots: 0x00000079791fcbc8 is pointing into the stack for thread: 0x000001d8d041c320
stack at sp + 5 slots: 0x000001d8ce739dd0 points into unknown readable memory: 0x000001d8ce4abde0 | e0 bd 4a ce d8 01 00 00
stack at sp + 6 slots: 0x000001d8d041c5d0 points into unknown readable memory: 0x00007ffc4374a810 | 10 a8 74 43 fc 7f 00 00
stack at sp + 7 slots: 0x0000000000000006 is an unknown value


---------------  P R O C E S S  ---------------

Threads class SMR info:
_java_thread_list=0x000001d8cebb1bc0, length=31, elements={
0x000001d8cd8aa6b0, 0x000001d8cd8af290, 0x000001d8cd8cc5b0, 0x000001d8cd8d0f90,
0x000001d8cd8d2de0, 0x000001d8cd8d4220, 0x000001d8cd8df120, 0x000001d8cd8d5150,
0x000001d8cd8d32f0, 0x000001d8cd8d19a0, 0x000001d8cd8d3800, 0x000001d8cd8d3d10,
0x000001d8cd8d4730, 0x000001d8cd8d4c40, 0x000001d8cd8d1eb0, 0x000001d8cd8d28d0,
0x000001d8d041c320, 0x000001d8d0419080, 0x000001d8d041be10, 0x000001d8d0419fb0,
0x000001d8d041c830, 0x000001d8d041aee0, 0x000001d8d041a9d0, 0x000001d8d041b3f0,
0x000001d8d041a4c0, 0x000001d8d0419590, 0x000001d8d041b900, 0x000001d8d0419aa0,
0x000001d8d0465ce0, 0x000001d8d04268c0, 0x000001d8ce4135a0
}

Java Threads: ( => current thread )
  0x000001d8cd8aa6b0 JavaThread "Reference Handler" daemon [_thread_blocked, id=4264, stack(0x0000007977300000,0x0000007977400000)]
  0x000001d8cd8af290 JavaThread "Finalizer" daemon [_thread_blocked, id=11352, stack(0x0000007977400000,0x0000007977500000)]
  0x000001d8cd8cc5b0 JavaThread "Signal Dispatcher" daemon [_thread_blocked, id=27444, stack(0x0000007977500000,0x0000007977600000)]
  0x000001d8cd8d0f90 JavaThread "Attach Listener" daemon [_thread_blocked, id=29256, stack(0x0000007977600000,0x0000007977700000)]
  0x000001d8cd8d2de0 JavaThread "Service Thread" daemon [_thread_blocked, id=27556, stack(0x0000007977700000,0x0000007977800000)]
  0x000001d8cd8d4220 JavaThread "Monitor Deflation Thread" daemon [_thread_blocked, id=37524, stack(0x0000007977800000,0x0000007977900000)]
  0x000001d8cd8df120 JavaThread "C1 CompilerThread0" daemon [_thread_blocked, id=25476, stack(0x0000007977900000,0x0000007977a00000)]
  0x000001d8cd8d5150 JavaThread "Sweeper thread" daemon [_thread_blocked, id=20936, stack(0x0000007977a00000,0x0000007977b00000)]
  0x000001d8cd8d32f0 JavaThread "Common-Cleaner" daemon [_thread_blocked, id=19248, stack(0x0000007977b00000,0x0000007977c00000)]
  0x000001d8cd8d19a0 JavaThread "Monitor Ctrl-Break" daemon [_thread_in_native, id=8908, stack(0x0000007977e00000,0x0000007977f00000)]
  0x000001d8cd8d3800 JavaThread "Notification Thread" daemon [_thread_blocked, id=12284, stack(0x0000007977f00000,0x0000007978000000)]
  0x000001d8cd8d3d10 JavaThread "RMI TCP Accept-0" daemon [_thread_in_native, id=1156, stack(0x0000007978000000,0x0000007978100000)]
  0x000001d8cd8d4730 JavaThread "RMI Scheduler(0)" daemon [_thread_blocked, id=16724, stack(0x0000007978c00000,0x0000007978d00000)]
  0x000001d8cd8d4c40 JavaThread "Catalina-utility-1" [_thread_blocked, id=16304, stack(0x0000007978e00000,0x0000007978f00000)]
  0x000001d8cd8d1eb0 JavaThread "Catalina-utility-2" [_thread_blocked, id=13580, stack(0x0000007978f00000,0x0000007979000000)]
  0x000001d8cd8d28d0 JavaThread "container-0" [_thread_blocked, id=33160, stack(0x0000007979000000,0x0000007979100000)]
=>0x000001d8d041c320 JavaThread "http-nio-7605-exec-1" daemon [_thread_in_vm, id=37576, stack(0x0000007979100000,0x0000007979200000)]
  0x000001d8d0419080 JavaThread "http-nio-7605-exec-2" daemon [_thread_blocked, id=32192, stack(0x0000007979200000,0x0000007979300000)]
  0x000001d8d041be10 JavaThread "http-nio-7605-exec-3" daemon [_thread_blocked, id=28356, stack(0x0000007979300000,0x0000007979400000)]
  0x000001d8d0419fb0 JavaThread "http-nio-7605-exec-4" daemon [_thread_blocked, id=18108, stack(0x0000007979400000,0x0000007979500000)]
  0x000001d8d041c830 JavaThread "http-nio-7605-exec-5" daemon [_thread_blocked, id=19828, stack(0x0000007979500000,0x0000007979600000)]
  0x000001d8d041aee0 JavaThread "http-nio-7605-exec-6" daemon [_thread_blocked, id=15784, stack(0x0000007979600000,0x0000007979700000)]
  0x000001d8d041a9d0 JavaThread "http-nio-7605-exec-7" daemon [_thread_blocked, id=6820, stack(0x0000007979700000,0x0000007979800000)]
  0x000001d8d041b3f0 JavaThread "http-nio-7605-exec-8" daemon [_thread_blocked, id=24788, stack(0x0000007979800000,0x0000007979900000)]
  0x000001d8d041a4c0 JavaThread "http-nio-7605-exec-9" daemon [_thread_blocked, id=624, stack(0x0000007979900000,0x0000007979a00000)]
  0x000001d8d0419590 JavaThread "http-nio-7605-exec-10" daemon [_thread_blocked, id=18068, stack(0x0000007979a00000,0x0000007979b00000)]
  0x000001d8d041b900 JavaThread "http-nio-7605-Poller" daemon [_thread_in_native, id=8376, stack(0x0000007979b00000,0x0000007979c00000)]
  0x000001d8d0419aa0 JavaThread "http-nio-7605-Acceptor" daemon [_thread_in_native, id=31344, stack(0x0000007979c00000,0x0000007979d00000)]
  0x000001d8d0465ce0 JavaThread "DestroyJavaVM" [_thread_blocked, id=3132, stack(0x0000007976c00000,0x0000007976d00000)]
  0x000001d8d04268c0 JavaThread "C1 CompilerThread1" daemon [_thread_blocked, id=33420, stack(0x0000007976900000,0x0000007976a00000)]
  0x000001d8ce4135a0 JavaThread "C1 CompilerThread2" daemon [_thread_blocked, id=27452, stack(0x0000007976a00000,0x0000007976b00000)]

Other Threads:
  0x000001d8cd8a5c00 VMThread "VM Thread" [stack: 0x0000007977200000,0x0000007977300000] [id=24532]
  0x000001d8b9818170 WatcherThread [stack: 0x0000007978100000,0x0000007978200000] [id=20380]
  0x000001d8b97fe310 GCTaskThread "GC Thread#0" [stack: 0x0000007976d00000,0x0000007976e00000] [id=11688]
  0x000001d8cef5d070 GCTaskThread "GC Thread#1" [stack: 0x0000007978200000,0x0000007978300000] [id=29480]
  0x000001d8cef60590 GCTaskThread "GC Thread#2" [stack: 0x0000007978300000,0x0000007978400000] [id=24288]
  0x000001d8cef94ab0 GCTaskThread "GC Thread#3" [stack: 0x0000007978400000,0x0000007978500000] [id=1256]
  0x000001d8cef95580 GCTaskThread "GC Thread#4" [stack: 0x0000007978500000,0x0000007978600000] [id=22508]
  0x000001d8cef95840 GCTaskThread "GC Thread#5" [stack: 0x0000007978600000,0x0000007978700000] [id=29984]
  0x000001d8cef95f10 GCTaskThread "GC Thread#6" [stack: 0x0000007978700000,0x0000007978800000] [id=8920]
  0x000001d8cf2571c0 GCTaskThread "GC Thread#7" [stack: 0x0000007978900000,0x0000007978a00000] [id=29796]
  0x000001d8b980fc90 ConcurrentGCThread "G1 Main Marker" [stack: 0x0000007976e00000,0x0000007976f00000] [id=35248]
  0x000001d8b9810e40 ConcurrentGCThread "G1 Conc#0" [stack: 0x0000007976f00000,0x0000007977000000] [id=33448]
  0x000001d8d0292100 ConcurrentGCThread "G1 Conc#1" [stack: 0x0000007978d00000,0x0000007978e00000] [id=27056]
  0x000001d8b986e940 ConcurrentGCThread "G1 Refine#0" [stack: 0x0000007977000000,0x0000007977100000] [id=13924]
  0x000001d8cef63840 ConcurrentGCThread "G1 Refine#1" [stack: 0x0000007978800000,0x0000007978900000] [id=14384]
  0x000001d8cd764520 ConcurrentGCThread "G1 Service" [stack: 0x0000007977100000,0x0000007977200000] [id=10840]

Threads with active compile tasks:

VM state: not at safepoint (normal execution)

VM Mutex/Monitor currently owned by a thread: None

Heap address: 0x0000000083a00000, size: 1990 MB, Compressed Oops mode: 32-bit

CDS archive(s) mapped at: [0x0000000800000000-0x0000000800c00000-0x0000000800c00000), size 12582912, SharedBaseAddress: 0x0000000800000000, ArchiveRelocationMode: 0.
Compressed class space mapped at: 0x0000000800c00000-0x0000000840c00000, reserved size: 1073741824
Narrow klass base: 0x0000000800000000, Narrow klass shift: 0, Narrow klass range: 0x100000000

GC Precious Log:
 CPUs: 8 total, 8 available
 Memory: 7959M
 Large Page Support: Disabled
 NUMA Support: Disabled
 Compressed Oops: Enabled (32-bit)
 Heap Region Size: 1M
 Heap Min Capacity: 8M
 Heap Initial Capacity: 126M
 Heap Max Capacity: 1990M
 Pre-touch: Disabled
 Parallel Workers: 8
 Concurrent Workers: 2
 Concurrent Refinement Workers: 8
 Periodic GC: Disabled

Heap:
 garbage-first heap   total 45056K, used 24599K [0x0000000083a00000, 0x0000000100000000)
  region size 1024K, 13 young (13312K), 1 survivors (1024K)
 Metaspace       used 27426K, committed 27840K, reserved 1073152K
  class space    used 3628K, committed 3840K, reserved 1048576K

Heap Regions: E=young(eden), S=young(survivor), O=old, HS=humongous(starts), HC=humongous(continues), CS=collection set, F=free, OA=open archive, CA=closed archive, TAMS=top-at-mark-start (previous, next)
|   0|0x0000000083a00000, 0x0000000083b00000, 0x0000000083b00000|100%| O|  |TAMS 0x0000000083b00000, 0x0000000083a00000| Untracked 
|   1|0x0000000083b00000, 0x0000000083c00000, 0x0000000083c00000|100%| O|  |TAMS 0x0000000083c00000, 0x0000000083b00000| Untracked 
|   2|0x0000000083c00000, 0x0000000083d00000, 0x0000000083d00000|100%| O|  |TAMS 0x0000000083d00000, 0x0000000083c00000| Untracked 
|   3|0x0000000083d00000, 0x0000000083e00000, 0x0000000083e00000|100%| O|  |TAMS 0x0000000083e00000, 0x0000000083d00000| Untracked 
|   4|0x0000000083e00000, 0x0000000083f00000, 0x0000000083f00000|100%| O|  |TAMS 0x0000000083f00000, 0x0000000083e00000| Untracked 
|   5|0x0000000083f00000, 0x0000000083f00000, 0x0000000084000000|  0%| F|  |TAMS 0x0000000083f00000, 0x0000000083f00000| Untracked 
|   6|0x0000000084000000, 0x0000000084100000, 0x0000000084100000|100%| O|  |TAMS 0x0000000084000000, 0x0000000084000000| Untracked 
|   7|0x0000000084100000, 0x0000000084200000, 0x0000000084200000|100%| O|  |TAMS 0x0000000084100000, 0x0000000084100000| Untracked 
|   8|0x0000000084200000, 0x0000000084300000, 0x0000000084300000|100%| O|  |TAMS 0x0000000084200000, 0x0000000084200000| Untracked 
|   9|0x0000000084300000, 0x0000000084400000, 0x0000000084400000|100%| O|  |TAMS 0x0000000084300000, 0x0000000084300000| Untracked 
|  10|0x0000000084400000, 0x0000000084500000, 0x0000000084500000|100%| O|  |TAMS 0x0000000084400000, 0x0000000084400000| Untracked 
|  11|0x0000000084500000, 0x0000000084600000, 0x0000000084600000|100%| O|  |TAMS 0x0000000084500000, 0x0000000084500000| Untracked 
|  12|0x0000000084600000, 0x0000000084700000, 0x0000000084700000|100%| O|  |TAMS 0x0000000084600000, 0x0000000084600000| Untracked 
|  13|0x0000000084700000, 0x0000000084800000, 0x0000000084800000|100%| O|  |TAMS 0x0000000084700000, 0x0000000084700000| Untracked 
|  14|0x0000000084800000, 0x0000000084800000, 0x0000000084900000|  0%| F|  |TAMS 0x0000000084800000, 0x0000000084800000| Untracked 
|  15|0x0000000084900000, 0x0000000084900000, 0x0000000084a00000|  0%| F|  |TAMS 0x0000000084900000, 0x0000000084900000| Untracked 
|  16|0x0000000084a00000, 0x0000000084a00000, 0x0000000084b00000|  0%| F|  |TAMS 0x0000000084a00000, 0x0000000084a00000| Untracked 
|  17|0x0000000084b00000, 0x0000000084b6a200, 0x0000000084c00000| 41%| O|  |TAMS 0x0000000084b00000, 0x0000000084b00000| Untracked 
|  18|0x0000000084c00000, 0x0000000084c00000, 0x0000000084d00000|  0%| F|  |TAMS 0x0000000084c00000, 0x0000000084c00000| Untracked 
|  19|0x0000000084d00000, 0x0000000084d00000, 0x0000000084e00000|  0%| F|  |TAMS 0x0000000084d00000, 0x0000000084d00000| Untracked 
|  20|0x0000000084e00000, 0x0000000084e00000, 0x0000000084f00000|  0%| F|  |TAMS 0x0000000084e00000, 0x0000000084e00000| Untracked 
|  21|0x0000000084f00000, 0x0000000084f00000, 0x0000000085000000|  0%| F|  |TAMS 0x0000000084f00000, 0x0000000084f00000| Untracked 
|  22|0x0000000085000000, 0x0000000085000000, 0x0000000085100000|  0%| F|  |TAMS 0x0000000085000000, 0x0000000085000000| Untracked 
|  23|0x0000000085100000, 0x0000000085100000, 0x0000000085200000|  0%| F|  |TAMS 0x0000000085100000, 0x0000000085100000| Untracked 
|  24|0x0000000085200000, 0x0000000085200000, 0x0000000085300000|  0%| F|  |TAMS 0x0000000085200000, 0x0000000085200000| Untracked 
|  25|0x0000000085300000, 0x0000000085300000, 0x0000000085400000|  0%| F|  |TAMS 0x0000000085300000, 0x0000000085300000| Untracked 
|  26|0x0000000085400000, 0x0000000085400000, 0x0000000085500000|  0%| F|  |TAMS 0x0000000085400000, 0x0000000085400000| Untracked 
|  27|0x0000000085500000, 0x0000000085500000, 0x0000000085600000|  0%| F|  |TAMS 0x0000000085500000, 0x0000000085500000| Untracked 
|  28|0x0000000085600000, 0x0000000085600000, 0x0000000085700000|  0%| F|  |TAMS 0x0000000085600000, 0x0000000085600000| Untracked 
|  29|0x0000000085700000, 0x0000000085700000, 0x0000000085800000|  0%| F|  |TAMS 0x0000000085700000, 0x0000000085700000| Untracked 
|  30|0x0000000085800000, 0x0000000085800000, 0x0000000085900000|  0%| F|  |TAMS 0x0000000085800000, 0x0000000085800000| Untracked 
|  31|0x0000000085900000, 0x00000000859da528, 0x0000000085a00000| 85%| E|  |TAMS 0x0000000085900000, 0x0000000085900000| Complete 
|  32|0x0000000085a00000, 0x0000000085b00000, 0x0000000085b00000|100%| E|CS|TAMS 0x0000000085a00000, 0x0000000085a00000| Complete 
|  33|0x0000000085b00000, 0x0000000085c00000, 0x0000000085c00000|100%| E|  |TAMS 0x0000000085b00000, 0x0000000085b00000| Complete 
|  34|0x0000000085c00000, 0x0000000085d00000, 0x0000000085d00000|100%| E|CS|TAMS 0x0000000085c00000, 0x0000000085c00000| Complete 
|  35|0x0000000085d00000, 0x0000000085e00000, 0x0000000085e00000|100%| E|CS|TAMS 0x0000000085d00000, 0x0000000085d00000| Complete 
|  36|0x0000000085e00000, 0x0000000085f00000, 0x0000000085f00000|100%| E|CS|TAMS 0x0000000085e00000, 0x0000000085e00000| Complete 
|  74|0x0000000088400000, 0x0000000088500000, 0x0000000088500000|100%| E|CS|TAMS 0x0000000088400000, 0x0000000088400000| Complete 
|  75|0x0000000088500000, 0x0000000088600000, 0x0000000088600000|100%| E|CS|TAMS 0x0000000088500000, 0x0000000088500000| Complete 
|  76|0x0000000088600000, 0x0000000088700000, 0x0000000088700000|100%| E|CS|TAMS 0x0000000088600000, 0x0000000088600000| Complete 
|  77|0x0000000088700000, 0x0000000088800000, 0x0000000088800000|100%| E|CS|TAMS 0x0000000088700000, 0x0000000088700000| Complete 
|  78|0x0000000088800000, 0x0000000088900000, 0x0000000088900000|100%| E|CS|TAMS 0x0000000088800000, 0x0000000088800000| Complete 
|  79|0x0000000088900000, 0x000000008899bc40, 0x0000000088a00000| 60%| S|CS|TAMS 0x0000000088900000, 0x0000000088900000| Complete 
| 125|0x000000008b700000, 0x000000008b800000, 0x000000008b800000|100%| E|CS|TAMS 0x000000008b700000, 0x000000008b700000| Complete 

Card table byte_map: [0x000001d8c67d0000,0x000001d8c6bc0000] _byte_map_base: 0x000001d8c63b3000

Marking Bits (Prev, Next): (CMBitMap*) 0x000001d8b97ff980, (CMBitMap*) 0x000001d8b97ff940
 Prev Bits: [0x000001d8c8ed0000, 0x000001d8cade8000)
 Next Bits: [0x000001d8c6fb0000, 0x000001d8c8ec8000)

Polling page: 0x000001d8c2ad0000

Metaspace:

Usage:
  Non-class:     23.24 MB used.
      Class:      3.54 MB used.
       Both:     26.78 MB used.

Virtual space:
  Non-class space:       24.00 MB reserved,      23.44 MB ( 98%) committed,  3 nodes.
      Class space:        1.00 GB reserved,       3.75 MB ( <1%) committed,  1 nodes.
             Both:        1.02 GB reserved,      27.19 MB (  3%) committed. 

Chunk freelists:
   Non-Class:  384.00 KB
       Class:  256.00 KB
        Both:  640.00 KB

MaxMetaspaceSize: unlimited
CompressedClassSpaceSize: 1.00 GB
Initial GC threshold: 21.00 MB
Current GC threshold: 35.25 MB
CDS: on
MetaspaceReclaimPolicy: balanced
 - commit_granule_bytes: 65536.
 - commit_granule_words: 8192.
 - virtual_space_node_default_size: 1048576.
 - enlarge_chunks_in_place: 1.
 - new_chunks_are_fully_committed: 0.
 - uncommit_free_chunks: 1.
 - use_allocation_guard: 0.
 - handle_deallocations: 1.


Internal statistics:

num_allocs_failed_limit: 3.
num_arena_births: 634.
num_arena_deaths: 0.
num_vsnodes_births: 4.
num_vsnodes_deaths: 0.
num_space_committed: 435.
num_space_uncommitted: 0.
num_chunks_returned_to_freelist: 3.
num_chunks_taken_from_freelist: 1601.
num_chunk_merges: 3.
num_chunk_splits: 1081.
num_chunks_enlarged: 770.
num_purges: 0.
num_inconsistent_stats: 0.

CodeCache: size=49152Kb used=7913Kb max_used=8203Kb free=41238Kb
 bounds [0x000001d8c2af0000, 0x000001d8c3300000, 0x000001d8c5af0000]
 total_blobs=4126 nmethods=3583 adapters=467
 compilation: enabled
              stopped_count=0, restarted_count=0
 full_count=0

Compilation events (20 events):
Event: 108.835 Thread 0x000001d8d04268c0 nmethod 3563 0x000001d8c2c6d890 code [0x000001d8c2c6da20, 0x000001d8c2c6daf8]
Event: 108.835 Thread 0x000001d8cd8df120 3580       1       java.lang.Double::parseDouble (5 bytes)
Event: 108.835 Thread 0x000001d8d04268c0 3581       1       jdk.internal.math.FloatingDecimal::parseDouble (10 bytes)
Event: 108.835 Thread 0x000001d8d04268c0 nmethod 3581 0x000001d8c2c6d590 code [0x000001d8c2c6d740, 0x000001d8c2c6d818]
Event: 108.835 Thread 0x000001d8cd8df120 nmethod 3580 0x000001d8c2c6d210 code [0x000001d8c2c6d3c0, 0x000001d8c2c6d498]
Event: 108.835 Thread 0x000001d8d04268c0 3576       1       com.alibaba.fastjson.serializer.BigDecimalCodec::write (178 bytes)
Event: 108.835 Thread 0x000001d8cd8df120 3577       1       com.alibaba.fastjson.serializer.SerializeWriter::write (20 bytes)
Event: 108.835 Thread 0x000001d8cd8df120 nmethod 3577 0x000001d8c2c6cd90 code [0x000001d8c2c6cf40, 0x000001d8c2c6d0b8]
Event: 108.835 Thread 0x000001d8cd8df120 3578       1       com.alibaba.fastjson.serializer.SerializeWriter::write (121 bytes)
Event: 108.835 Thread 0x000001d8cd8df120 nmethod 3578 0x000001d8c2c6c710 code [0x000001d8c2c6c8e0, 0x000001d8c2c6cb58]
Event: 108.835 Thread 0x000001d8cd8df120 3579   !   1       com.alibaba.fastjson.util.TypeUtils::cast (803 bytes)
Event: 108.835 Thread 0x000001d8d04268c0 nmethod 3576 0x000001d8c2c6ba90 code [0x000001d8c2c6bce0, 0x000001d8c2c6c298]
Event: 108.835 Thread 0x000001d8d04268c0 3582       1       java.lang.Double::<init> (10 bytes)
Event: 108.835 Thread 0x000001d8d04268c0 nmethod 3582 0x000001d8c2c6b790 code [0x000001d8c2c6b920, 0x000001d8c2c6b9f8]
Event: 108.835 Thread 0x000001d8d04268c0 3564       1       com.alibaba.fastjson.serializer.StringCodec::getFastMatchToken (2 bytes)
Event: 108.835 Thread 0x000001d8d04268c0 nmethod 3564 0x000001d8c2c6b490 code [0x000001d8c2c6b620, 0x000001d8c2c6b6f8]
Event: 108.835 Thread 0x000001d8d04268c0 3583       1       java.lang.Double::valueOf (12 bytes)
Event: 108.835 Thread 0x000001d8d04268c0 nmethod 3583 0x000001d8c2c6b090 code [0x000001d8c2c6b240, 0x000001d8c2c6b398]
Event: 108.835 Thread 0x000001d8d04268c0 3569       1       jdk.internal.math.FloatingDecimal$PreparedASCIIToBinaryBuffer::doubleValue (5 bytes)
Event: 108.836 Thread 0x000001d8d04268c0 nmethod 3569 0x000001d8c2c6ad90 code [0x000001d8c2c6af20, 0x000001d8c2c6aff8]

GC Heap History (10 events):
Event: 1.139 GC heap before
{Heap before GC invocations=0 (full 0):
 garbage-first heap   total 129024K, used 22528K [0x0000000083a00000, 0x0000000100000000)
  region size 1024K, 23 young (23552K), 0 survivors (0K)
 Metaspace       used 8448K, committed 8640K, reserved 1056768K
  class space    used 1090K, committed 1152K, reserved 1048576K
}
Event: 1.145 GC heap after
{Heap after GC invocations=1 (full 0):
 garbage-first heap   total 129024K, used 5184K [0x0000000083a00000, 0x0000000100000000)
  region size 1024K, 3 young (3072K), 3 survivors (3072K)
 Metaspace       used 8448K, committed 8640K, reserved 1056768K
  class space    used 1090K, committed 1152K, reserved 1048576K
}
Event: 1.456 GC heap before
{Heap before GC invocations=1 (full 0):
 garbage-first heap   total 129024K, used 29760K [0x0000000083a00000, 0x0000000100000000)
  region size 1024K, 28 young (28672K), 3 survivors (3072K)
 Metaspace       used 14225K, committed 14464K, reserved 1064960K
  class space    used 1872K, committed 1984K, reserved 1048576K
}
Event: 1.462 GC heap after
{Heap after GC invocations=2 (full 0):
 garbage-first heap   total 129024K, used 7529K [0x0000000083a00000, 0x0000000100000000)
  region size 1024K, 3 young (3072K), 3 survivors (3072K)
 Metaspace       used 14225K, committed 14464K, reserved 1064960K
  class space    used 1872K, committed 1984K, reserved 1048576K
}
Event: 2.169 GC heap before
{Heap before GC invocations=2 (full 0):
 garbage-first heap   total 129024K, used 50537K [0x0000000083a00000, 0x0000000100000000)
  region size 1024K, 46 young (47104K), 3 survivors (3072K)
 Metaspace       used 21149K, committed 21504K, reserved 1073152K
  class space    used 2842K, committed 3008K, reserved 1048576K
}
Event: 2.178 GC heap after
{Heap after GC invocations=3 (full 0):
 garbage-first heap   total 129024K, used 11280K [0x0000000083a00000, 0x0000000100000000)
  region size 1024K, 6 young (6144K), 6 survivors (6144K)
 Metaspace       used 21149K, committed 21504K, reserved 1073152K
  class space    used 2842K, committed 3008K, reserved 1048576K
}
Event: 2.503 GC heap before
{Heap before GC invocations=4 (full 0):
 garbage-first heap   total 45056K, used 32784K [0x0000000083a00000, 0x0000000100000000)
  region size 1024K, 27 young (27648K), 6 survivors (6144K)
 Metaspace       used 24483K, committed 24896K, reserved 1073152K
  class space    used 3313K, committed 3520K, reserved 1048576K
}
Event: 2.509 GC heap after
{Heap after GC invocations=5 (full 0):
 garbage-first heap   total 45056K, used 13829K [0x0000000083a00000, 0x0000000100000000)
  region size 1024K, 3 young (3072K), 3 survivors (3072K)
 Metaspace       used 24483K, committed 24896K, reserved 1073152K
  class space    used 3313K, committed 3520K, reserved 1048576K
}
Event: 2.523 GC heap before
{Heap before GC invocations=5 (full 0):
 garbage-first heap   total 45056K, used 14853K [0x0000000083a00000, 0x0000000100000000)
  region size 1024K, 4 young (4096K), 3 survivors (3072K)
 Metaspace       used 24547K, committed 24960K, reserved 1073152K
  class space    used 3324K, committed 3520K, reserved 1048576K
}
Event: 2.526 GC heap after
{Heap after GC invocations=6 (full 0):
 garbage-first heap   total 45056K, used 14359K [0x0000000083a00000, 0x0000000100000000)
  region size 1024K, 1 young (1024K), 1 survivors (1024K)
 Metaspace       used 24547K, committed 24960K, reserved 1073152K
  class space    used 3324K, committed 3520K, reserved 1048576K
}

Dll operation events (13 events):
Event: 0.016 Loaded shared library C:\Users\YangJ\.jdks\azul-17.0.5\bin\java.dll
Event: 0.027 Loaded shared library C:\Users\YangJ\.jdks\azul-17.0.5\bin\jsvml.dll
Event: 0.119 Loaded shared library C:\Users\YangJ\.jdks\azul-17.0.5\bin\zip.dll
Event: 0.125 Loaded shared library C:\Users\YangJ\.jdks\azul-17.0.5\bin\instrument.dll
Event: 0.130 Loaded shared library C:\Users\YangJ\.jdks\azul-17.0.5\bin\net.dll
Event: 0.132 Loaded shared library C:\Users\YangJ\.jdks\azul-17.0.5\bin\nio.dll
Event: 0.135 Loaded shared library C:\Users\YangJ\.jdks\azul-17.0.5\bin\zip.dll
Event: 0.172 Loaded shared library D:\Tools\JetBrains\IntelliJ IDEA 2021.2.2\bin\breakgen64.dll
Event: 0.180 Loaded shared library C:\Users\YangJ\.jdks\azul-17.0.5\bin\jimage.dll
Event: 0.201 Loaded shared library C:\Users\YangJ\.jdks\azul-17.0.5\bin\management.dll
Event: 0.218 Loaded shared library C:\Users\YangJ\.jdks\azul-17.0.5\bin\management_ext.dll
Event: 2.211 Loaded shared library C:\Users\YangJ\.jdks\azul-17.0.5\bin\sunmscapi.dll
Event: 108.835 Loaded shared library C:\Users\YangJ\AppData\Local\Temp\PCA_Dll20221125.dll

Deoptimization events (8 events):
Event: 1.361 Thread 0x000001d8b97a40f0 DEOPT PACKING pc=0x000001d8c305b319 sp=0x0000007976cfd640
Event: 1.361 Thread 0x000001d8b97a40f0 DEOPT UNPACKING pc=0x000001d8c2b466e3 sp=0x0000007976cfcb20 mode 3
Event: 2.274 Thread 0x000001d8b97a40f0 DEOPT PACKING pc=0x000001d8c32505dd sp=0x0000007976cfc660
Event: 2.274 Thread 0x000001d8b97a40f0 DEOPT UNPACKING pc=0x000001d8c2b466e3 sp=0x0000007976cfbbc8 mode 3
Event: 2.291 Thread 0x000001d8b97a40f0 DEOPT PACKING pc=0x000001d8c3092981 sp=0x0000007976cfea60
Event: 2.291 Thread 0x000001d8b97a40f0 DEOPT UNPACKING pc=0x000001d8c2b466e3 sp=0x0000007976cfdef0 mode 3
Event: 2.292 Thread 0x000001d8cd8d4c40 DEOPT PACKING pc=0x000001d8c3045297 sp=0x0000007978efef10
Event: 2.292 Thread 0x000001d8cd8d4c40 DEOPT UNPACKING pc=0x000001d8c2b466e3 sp=0x0000007978efe368 mode 3

Classes unloaded (0 events):
No events

Classes redefined (0 events):
No events

Internal exceptions (20 events):
Event: 2.034 Thread 0x000001d8b97a40f0 Exception <a 'java/lang/IncompatibleClassChangeError'{0x0000000089339ea8}: Found class java.lang.Object, but interface was expected> (0x0000000089339ea8) 
thrown [s\src\hotspot\share\interpreter\linkResolver.cpp, line 826]
Event: 2.034 Thread 0x000001d8b97a40f0 Exception <a 'java/lang/NoSuchMethodError'{0x000000008933ef90}: 'void java.lang.invoke.DirectMethodHandle$Holder.invokeStatic(java.lang.Object, int, java.lang.Object)'> (0x000000008933ef90) 
thrown [s\src\hotspot\share\interpreter\linkResolver.cpp, line 759]
Event: 2.164 Thread 0x000001d8b97a40f0 Exception <a 'java/lang/NoSuchMethodError'{0x0000000088a28058}: 'java.lang.Object java.lang.invoke.DirectMethodHandle$Holder.invokeSpecial(java.lang.Object, java.lang.Object, long, java.lang.Object, java.lang.Object, java.lang.Object, java.lang.Object, java.lang.Object, java.lang.Object)'> (0x0000000088a28058) 
thrown [s\src\hotspot\share\interpreter\linkResolver.cpp, line 759]
Event: 2.164 Thread 0x000001d8b97a40f0 Exception <a 'java/lang/NoSuchMethodError'{0x0000000088a2cb80}: 'java.lang.Object java.lang.invoke.DelegatingMethodHandle$Holder.reinvoke_L(java.lang.Object, long, java.lang.Object, java.lang.Object, java.lang.Object, java.lang.Object, java.lang.Object, java.lang.Object)'> (0x0000000088a2cb80) 
thrown [s\src\hotspot\share\interpreter\linkResolver.cpp, line 759]
Event: 2.164 Thread 0x000001d8b97a40f0 Exception <a 'java/lang/NoSuchMethodError'{0x0000000088a39580}: 'java.lang.Object java.lang.invoke.Invokers$Holder.linkToTargetMethod(java.lang.Object, java.lang.Object, java.lang.Object, java.lang.Object, java.lang.Object, java.lang.Object, java.lang.Object)'> (0x0000000088a39580) 
thrown [s\src\hotspot\share\interpreter\linkResolver.cpp, line 759]
Event: 2.234 Thread 0x000001d8b97a40f0 Exception <a 'java/io/FileNotFoundException'{0x0000000085c368a8}> (0x0000000085c368a8) 
thrown [s\src\hotspot\share\prims\jni.cpp, line 516]
Event: 2.251 Thread 0x000001d8b97a40f0 Exception <a 'java/lang/NoSuchMethodError'{0x0000000085b563c8}: 'int java.lang.invoke.DirectMethodHandle$Holder.invokeInterface(java.lang.Object, java.lang.Object, java.lang.Object, java.lang.Object)'> (0x0000000085b563c8) 
thrown [s\src\hotspot\share\interpreter\linkResolver.cpp, line 759]
Event: 2.280 Thread 0x000001d8b97a40f0 Exception <a 'java/lang/NoSuchMethodError'{0x000000008594a2d0}: 'long java.lang.invoke.DirectMethodHandle$Holder.invokeVirtual(java.lang.Object, java.lang.Object)'> (0x000000008594a2d0) 
thrown [s\src\hotspot\share\interpreter\linkResolver.cpp, line 759]
Event: 2.325 Thread 0x000001d8cd8d23c0 Exception <a 'java/lang/reflect/InvocationTargetException'{0x0000000085609528}> (0x0000000085609528) 
thrown [s\src\hotspot\share\runtime\reflection.cpp, line 1121]
Event: 2.397 Thread 0x000001d8b97a40f0 Exception <a 'java/lang/NoSuchMethodError'{0x0000000085124608}: 'void java.lang.invoke.DirectMethodHandle$Holder.invokeVirtual(java.lang.Object, java.lang.Object, int)'> (0x0000000085124608) 
thrown [s\src\hotspot\share\interpreter\linkResolver.cpp, line 759]
Event: 2.399 Thread 0x000001d8b97a40f0 Exception <a 'java/lang/NoSuchMethodError'{0x000000008513f160}: 'void java.lang.invoke.DirectMethodHandle$Holder.invokeVirtual(java.lang.Object, java.lang.Object, long)'> (0x000000008513f160) 
thrown [s\src\hotspot\share\interpreter\linkResolver.cpp, line 759]
Event: 2.470 Thread 0x000001d8b97a40f0 Exception <a 'java/lang/IncompatibleClassChangeError'{0x0000000084df60d8}: Found class java.lang.Object, but interface was expected> (0x0000000084df60d8) 
thrown [s\src\hotspot\share\interpreter\linkResolver.cpp, line 826]
Event: 2.486 Thread 0x000001d8b97a40f0 Exception <a 'java/lang/NoSuchMethodError'{0x0000000084cf8d38}: 'int java.lang.invoke.DirectMethodHandle$Holder.invokeStaticInit(java.lang.Object, java.lang.Object, java.lang.Object, java.lang.Object)'> (0x0000000084cf8d38) 
thrown [s\src\hotspot\share\interpreter\linkResolver.cpp, line 759]
Event: 2.529 Thread 0x000001d8b97a40f0 Exception <a 'java/lang/NoSuchMethodError'{0x000000008b736238}: 'java.lang.Object java.lang.invoke.DirectMethodHandle$Holder.newInvokeSpecial(java.lang.Object, java.lang.Object, int, java.lang.Object, java.lang.Object)'> (0x000000008b736238) 
thrown [s\src\hotspot\share\interpreter\linkResolver.cpp, line 759]
Event: 2.530 Thread 0x000001d8b97a40f0 Exception <a 'java/lang/NoSuchMethodError'{0x000000008b7418b0}: 'java.lang.Object java.lang.invoke.DirectMethodHandle$Holder.invokeSpecial(java.lang.Object, java.lang.Object, int, java.lang.Object, int, java.lang.Object)'> (0x000000008b7418b0) 
thrown [s\src\hotspot\share\interpreter\linkResolver.cpp, line 759]
Event: 2.530 Thread 0x000001d8b97a40f0 Exception <a 'java/lang/NoSuchMethodError'{0x000000008b7496b8}: 'java.lang.Object java.lang.invoke.DirectMethodHandle$Holder.newInvokeSpecial(java.lang.Object, java.lang.Object, int, java.lang.Object, int)'> (0x000000008b7496b8) 
thrown [s\src\hotspot\share\interpreter\linkResolver.cpp, line 759]
Event: 2.530 Thread 0x000001d8b97a40f0 Exception <a 'java/lang/NoSuchMethodError'{0x000000008b74d7b8}: 'java.lang.Object java.lang.invoke.DirectMethodHandle$Holder.invokeSpecial(java.lang.Object, java.lang.Object, java.lang.Object, int, java.lang.Object, int)'> (0x000000008b74d7b8) 
thrown [s\src\hotspot\share\interpreter\linkResolver.cpp, line 759]
Event: 108.719 Thread 0x000001d8d041c320 Exception <a 'java/lang/NoSuchMethodError'{0x00000000885c93f8}: 'java.lang.Object java.lang.invoke.DirectMethodHandle$Holder.invokeSpecial(java.lang.Object, java.lang.Object, java.lang.Object, java.lang.Object, java.lang.Object, long)'> (0x00000000885c93f8) 
thrown [s\src\hotspot\share\interpreter\linkResolver.cpp, line 759]
Event: 108.719 Thread 0x000001d8d041c320 Exception <a 'java/lang/NoSuchMethodError'{0x00000000885cce38}: 'java.lang.Object java.lang.invoke.Invokers$Holder.linkToTargetMethod(java.lang.Object, java.lang.Object, java.lang.Object, long, java.lang.Object)'> (0x00000000885cce38) 
thrown [s\src\hotspot\share\interpreter\linkResolver.cpp, line 759]
Event: 108.835 Thread 0x000001d8d041c320 Exception <a 'java/lang/ArrayIndexOutOfBoundsException'{0x00000000859bedc8}: Index 50 out of bounds for length 50> (0x00000000859bedc8) 
thrown [s\src\hotspot\share\prims\jni.cpp, line 2309]

VM Operations (20 events):
Event: 2.335 Executing VM operation: HandshakeAllThreads
Event: 2.335 Executing VM operation: HandshakeAllThreads done
Event: 2.353 Executing VM operation: HandshakeAllThreads
Event: 2.353 Executing VM operation: HandshakeAllThreads done
Event: 2.455 Executing VM operation: HandshakeAllThreads
Event: 2.455 Executing VM operation: HandshakeAllThreads done
Event: 2.460 Executing VM operation: HandshakeAllThreads
Event: 2.460 Executing VM operation: HandshakeAllThreads done
Event: 2.503 Executing VM operation: G1CollectForAllocation
Event: 2.509 Executing VM operation: G1CollectForAllocation done
Event: 2.523 Executing VM operation: G1CollectForAllocation
Event: 2.526 Executing VM operation: G1CollectForAllocation done
Event: 3.528 Executing VM operation: Cleanup
Event: 3.528 Executing VM operation: Cleanup done
Event: 28.698 Executing VM operation: Cleanup
Event: 28.698 Executing VM operation: Cleanup done
Event: 108.728 Executing VM operation: HandshakeAllThreads
Event: 108.728 Executing VM operation: HandshakeAllThreads done
Event: 108.728 Executing VM operation: Cleanup
Event: 108.729 Executing VM operation: Cleanup done

Events (20 events):
Event: 108.783 loading class java/awt/geom/Point2D done
Event: 108.783 loading class java/awt/Point done
Event: 108.783 loading class java/awt/Font
Event: 108.783 loading class java/awt/Font done
Event: 108.783 loading class java/awt/Color
Event: 108.784 loading class java/awt/Paint
Event: 108.784 loading class java/awt/Transparency
Event: 108.784 loading class java/awt/Transparency done
Event: 108.784 loading class java/awt/Paint done
Event: 108.784 loading class java/awt/Color done
Event: 108.814 loading class javax/xml/datatype/XMLGregorianCalendar
Event: 108.814 loading class javax/xml/datatype/XMLGregorianCalendar done
Event: 108.817 loading class java/util/concurrent/atomic/AtomicIntegerArray
Event: 108.818 loading class java/util/concurrent/atomic/AtomicIntegerArray done
Event: 108.819 loading class java/math/MathContext
Event: 108.819 loading class java/math/MathContext done
Event: 108.823 Thread 0x000001d8d04268c0 Thread added: 0x000001d8d04268c0
Event: 108.825 loading class java/math/BigDecimal$StringBuilderHelper
Event: 108.826 loading class java/math/BigDecimal$StringBuilderHelper done
Event: 108.830 Thread 0x000001d8ce4135a0 Thread added: 0x000001d8ce4135a0


Dynamic libraries:
0x00007ff6e2620000 - 0x00007ff6e262e000 	C:\Users\YangJ\.jdks\azul-17.0.5\bin\java.exe
0x00007ffc90cc0000 - 0x00007ffc90ec9000 	C:\WINDOWS\SYSTEM32\ntdll.dll
0x00007ffc8fd70000 - 0x00007ffc8fe2e000 	C:\WINDOWS\System32\KERNEL32.DLL
0x00007ffc8e600000 - 0x00007ffc8e97b000 	C:\WINDOWS\System32\KERNELBASE.dll
0x00007ffc8e190000 - 0x00007ffc8e2a1000 	C:\WINDOWS\System32\ucrtbase.dll
0x00007ffc5a1b0000 - 0x00007ffc5a1c7000 	C:\Users\YangJ\.jdks\azul-17.0.5\bin\jli.dll
0x00007ffc90050000 - 0x00007ffc901fd000 	C:\WINDOWS\System32\USER32.dll
0x00007ffc8e550000 - 0x00007ffc8e576000 	C:\WINDOWS\System32\win32u.dll
0x00007ffc8fd40000 - 0x00007ffc8fd69000 	C:\WINDOWS\System32\GDI32.dll
0x00007ffc5a1d0000 - 0x00007ffc5a1eb000 	C:\Users\YangJ\.jdks\azul-17.0.5\bin\VCRUNTIME140.dll
0x00007ffc8ea20000 - 0x00007ffc8eb38000 	C:\WINDOWS\System32\gdi32full.dll
0x00007ffc8e980000 - 0x00007ffc8ea1d000 	C:\WINDOWS\System32\msvcp_win.dll
0x00007ffc765b0000 - 0x00007ffc76855000 	C:\WINDOWS\WinSxS\amd64_microsoft.windows.common-controls_6595b64144ccf1df_6.0.22000.120_none_9d947278b86cc467\COMCTL32.dll
0x00007ffc8f580000 - 0x00007ffc8f623000 	C:\WINDOWS\System32\msvcrt.dll
0x00007ffc90010000 - 0x00007ffc90042000 	C:\WINDOWS\System32\IMM32.DLL
0x00007ffc73b80000 - 0x00007ffc73b8c000 	C:\Users\YangJ\.jdks\azul-17.0.5\bin\vcruntime140_1.dll
0x00007ffc58f80000 - 0x00007ffc5900d000 	C:\Users\YangJ\.jdks\azul-17.0.5\bin\msvcp140.dll
0x00007ffc42c30000 - 0x00007ffc43892000 	C:\Users\YangJ\.jdks\azul-17.0.5\bin\server\jvm.dll
0x00007ffc8f690000 - 0x00007ffc8f73e000 	C:\WINDOWS\System32\ADVAPI32.dll
0x00007ffc90810000 - 0x00007ffc908ae000 	C:\WINDOWS\System32\sechost.dll
0x00007ffc8fc10000 - 0x00007ffc8fd30000 	C:\WINDOWS\System32\RPCRT4.dll
0x00007ffc84a60000 - 0x00007ffc84a6a000 	C:\WINDOWS\SYSTEM32\VERSION.dll
0x00007ffc85e20000 - 0x00007ffc85e29000 	C:\WINDOWS\SYSTEM32\WSOCK32.dll
0x00007ffc85c70000 - 0x00007ffc85ca3000 	C:\WINDOWS\SYSTEM32\WINMM.dll
0x00007ffc90940000 - 0x00007ffc909af000 	C:\WINDOWS\System32\WS2_32.dll
0x00007ffc8d210000 - 0x00007ffc8d228000 	C:\WINDOWS\SYSTEM32\kernel.appcore.dll
0x00007ffc63b80000 - 0x00007ffc63b8a000 	C:\Users\YangJ\.jdks\azul-17.0.5\bin\jimage.dll
0x00007ffc8bc90000 - 0x00007ffc8beb1000 	C:\WINDOWS\SYSTEM32\DBGHELP.DLL
0x00007ffc74530000 - 0x00007ffc74561000 	C:\WINDOWS\SYSTEM32\dbgcore.DLL
0x00007ffc8e580000 - 0x00007ffc8e5ff000 	C:\WINDOWS\System32\bcryptPrimitives.dll
0x00007ffc5fd90000 - 0x00007ffc5fd9e000 	C:\Users\YangJ\.jdks\azul-17.0.5\bin\instrument.dll
0x00007ffc5a180000 - 0x00007ffc5a1a5000 	C:\Users\YangJ\.jdks\azul-17.0.5\bin\java.dll
0x00007ffc43d80000 - 0x00007ffc43e57000 	C:\Users\YangJ\.jdks\azul-17.0.5\bin\jsvml.dll
0x00007ffc8eca0000 - 0x00007ffc8f458000 	C:\WINDOWS\System32\SHELL32.dll
0x00007ffc8c280000 - 0x00007ffc8cae5000 	C:\WINDOWS\SYSTEM32\windows.storage.dll
0x00007ffc90200000 - 0x00007ffc90578000 	C:\WINDOWS\System32\combase.dll
0x00007ffc8c110000 - 0x00007ffc8c276000 	C:\WINDOWS\SYSTEM32\wintypes.dll
0x00007ffc909c0000 - 0x00007ffc90aaa000 	C:\WINDOWS\System32\SHCORE.dll
0x00007ffc8f630000 - 0x00007ffc8f68d000 	C:\WINDOWS\System32\shlwapi.dll
0x00007ffc8e0c0000 - 0x00007ffc8e0e1000 	C:\WINDOWS\SYSTEM32\profapi.dll
0x00007ffc58f60000 - 0x00007ffc58f78000 	C:\Users\YangJ\.jdks\azul-17.0.5\bin\zip.dll
0x00007ffc59c10000 - 0x00007ffc59c29000 	C:\Users\YangJ\.jdks\azul-17.0.5\bin\net.dll
0x00007ffc86430000 - 0x00007ffc86544000 	C:\WINDOWS\SYSTEM32\WINHTTP.dll
0x00007ffc8d6b0000 - 0x00007ffc8d717000 	C:\WINDOWS\system32\mswsock.dll
0x00007ffc59090000 - 0x00007ffc590a6000 	C:\Users\YangJ\.jdks\azul-17.0.5\bin\nio.dll
0x00007ffc58b40000 - 0x00007ffc58b5a000 	D:\Tools\JetBrains\IntelliJ IDEA 2021.2.2\bin\breakgen64.dll
0x00007ffc82ab0000 - 0x00007ffc82afb000 	C:\Program Files (x86)\Sangfor\SSL\ClientComponent\1_SangforNspX64.dll
0x00007ffc90580000 - 0x00007ffc9071a000 	C:\WINDOWS\System32\ole32.dll
0x00007ffc8ebc0000 - 0x00007ffc8ec96000 	C:\WINDOWS\System32\OLEAUT32.dll
0x00007ffc8fd30000 - 0x00007ffc8fd38000 	C:\WINDOWS\System32\PSAPI.DLL
0x00007ffc8cd70000 - 0x00007ffc8ce58000 	C:\WINDOWS\SYSTEM32\DNSAPI.dll
0x00007ffc8cd40000 - 0x00007ffc8cd6d000 	C:\WINDOWS\SYSTEM32\IPHLPAPI.DLL
0x00007ffc908b0000 - 0x00007ffc908b9000 	C:\WINDOWS\System32\NSI.dll
0x00007ffc841d0000 - 0x00007ffc841da000 	C:\Windows\System32\rasadhlp.dll
0x00007ffc848a0000 - 0x00007ffc84921000 	C:\WINDOWS\System32\fwpuclnt.dll
0x00007ffc5c5c0000 - 0x00007ffc5c5c9000 	C:\Users\YangJ\.jdks\azul-17.0.5\bin\management.dll
0x00007ffc5a880000 - 0x00007ffc5a88b000 	C:\Users\YangJ\.jdks\azul-17.0.5\bin\management_ext.dll
0x00007ffc8d8f0000 - 0x00007ffc8d908000 	C:\WINDOWS\SYSTEM32\CRYPTSP.dll
0x00007ffc8d170000 - 0x00007ffc8d1a5000 	C:\WINDOWS\system32\rsaenh.dll
0x00007ffc8d7a0000 - 0x00007ffc8d7c9000 	C:\WINDOWS\SYSTEM32\USERENV.dll
0x00007ffc8da80000 - 0x00007ffc8daa7000 	C:\WINDOWS\SYSTEM32\bcrypt.dll
0x00007ffc8d910000 - 0x00007ffc8d91c000 	C:\WINDOWS\SYSTEM32\CRYPTBASE.dll
0x00007ffc86d60000 - 0x00007ffc86d79000 	C:\WINDOWS\SYSTEM32\dhcpcsvc6.DLL
0x00007ffc86bd0000 - 0x00007ffc86bee000 	C:\WINDOWS\SYSTEM32\dhcpcsvc.DLL
0x00007ffc70ea0000 - 0x00007ffc70eb7000 	C:\WINDOWS\system32\napinsp.dll
0x00007ffc70e80000 - 0x00007ffc70e9b000 	C:\WINDOWS\system32\pnrpnsp.dll
0x00007ffc70e60000 - 0x00007ffc70e72000 	C:\WINDOWS\System32\winrnr.dll
0x00007ffc847c0000 - 0x00007ffc847d5000 	C:\WINDOWS\system32\wshbth.dll
0x00007ffc70e40000 - 0x00007ffc70e5f000 	C:\WINDOWS\system32\nlansp_c.dll
0x00007ffc5a170000 - 0x00007ffc5a17e000 	C:\Users\YangJ\.jdks\azul-17.0.5\bin\sunmscapi.dll
0x00007ffc8e2b0000 - 0x00007ffc8e412000 	C:\WINDOWS\System32\CRYPT32.dll
0x00007ffc8da50000 - 0x00007ffc8da78000 	C:\WINDOWS\SYSTEM32\ncrypt.dll
0x00007ffc8da10000 - 0x00007ffc8da47000 	C:\WINDOWS\SYSTEM32\NTASN1.dll
0x00007ffc5f760000 - 0x00007ffc5f768000 	C:\WINDOWS\system32\wshunix.dll
0x00007ffc50420000 - 0x00007ffc50448000 	C:\Users\YangJ\AppData\Local\Temp\PCA_Dll20221125.dll

dbghelp: loaded successfully - version: 4.0.5 - missing functions: none
symbol engine: initialized successfully - sym options: 0x614 - pdb path: .;C:\Users\YangJ\.jdks\azul-17.0.5\bin;C:\WINDOWS\SYSTEM32;C:\WINDOWS\WinSxS\amd64_microsoft.windows.common-controls_6595b64144ccf1df_6.0.22000.120_none_9d947278b86cc467;C:\Users\YangJ\.jdks\azul-17.0.5\bin\server;D:\Tools\JetBrains\IntelliJ IDEA 2021.2.2\bin;C:\Program Files (x86)\Sangfor\SSL\ClientComponent;C:\Users\YangJ\AppData\Local\Temp

VM Arguments:
jvm_args: -XX:TieredStopAtLevel=1 -Xverify:none -Dspring.output.ansi.enabled=always -javaagent:D:\Tools\JetBrains\IntelliJ IDEA 2021.2.2\lib\idea_rt.jar=63886:D:\Tools\JetBrains\IntelliJ IDEA 2021.2.2\bin -Dcom.sun.management.jmxremote -Dspring.jmx.enabled=true -Dspring.liveBeansView.mbeanDomain -Dspring.application.admin.enabled=true -Dfile.encoding=UTF-8 
java_command: com.example.justhistory.JustHistoryApplication
java_class_path (initial): D:\Project\Java\JustHistory\target\classes;C:\Users\YangJ\.m2\repository\org\springframework\boot\spring-boot-starter\3.0.0\spring-boot-starter-3.0.0.jar;C:\Users\YangJ\.m2\repository\org\springframework\boot\spring-boot\3.0.0\spring-boot-3.0.0.jar;C:\Users\YangJ\.m2\repository\org\springframework\spring-context\6.0.2\spring-context-6.0.2.jar;C:\Users\YangJ\.m2\repository\org\springframework\boot\spring-boot-autoconfigure\3.0.0\spring-boot-autoconfigure-3.0.0.jar;C:\Users\YangJ\.m2\repository\org\springframework\boot\spring-boot-starter-logging\3.0.0\spring-boot-starter-logging-3.0.0.jar;C:\Users\YangJ\.m2\repository\ch\qos\logback\logback-classic\1.4.5\logback-classic-1.4.5.jar;C:\Users\YangJ\.m2\repository\ch\qos\logback\logback-core\1.4.5\logback-core-1.4.5.jar;C:\Users\YangJ\.m2\repository\org\apache\logging\log4j\log4j-to-slf4j\2.19.0\log4j-to-slf4j-2.19.0.jar;C:\Users\YangJ\.m2\repository\org\apache\logging\log4j\log4j-api\2.19.0\log4j-api-2.19.0.jar;C:\Users\YangJ\.m2\repository\org\slf4j\jul-to-slf4j\2.0.4\jul-to-slf4j-2.0.4.jar;C:\Users\YangJ\.m2\repository\jakarta\annotation\jakarta.annotation-api\2.1.1\jakarta.annotation-api-2.1.1.jar;C:\Users\YangJ\.m2\repository\org\springframework\spring-core\6.0.2\spring-core-6.0.2.jar;C:\Users\YangJ\.m2\repository\org\springframework\spring-jcl\6.0.2\spring-jcl-6.0.2.jar;C:\Users\YangJ\.m2\repository\org\yaml\snakeyaml\1.33\snakeyaml-1.33.jar;C:\Users\YangJ\.m2\repository\org\slf4j\slf4j-api\2.0.4\slf4j-api-2.0.4.jar;C:\Users\YangJ\.m2\repository\org\springframework\boot\spring-boot-starter-web\3.0.0\spring-boot-starter-web-3.0.0.jar;C:\Users\YangJ\.m2\repository\org\springframework\boot\spring-boot-starter-json\3.0.0\spring-boot-starter-json-3.0.0.jar;C:\Users\YangJ\.m2\repository\com\fasterxml\jackson\core\jackson-databind\2.14.1\jackson-databind-2.14.1.jar;C:\Users\YangJ\.m2\repository\com\fasterxml\jackson\core\jackson-annotations\2.14.1\jackson-annotations-2.14.1.jar;C:\Users\YangJ\.
Launcher Type: SUN_STANDARD

[Global flags]
     intx CICompilerCount                          = 4                                         {product} {ergonomic}
     uint ConcGCThreads                            = 2                                         {product} {ergonomic}
     uint G1ConcRefinementThreads                  = 8                                         {product} {ergonomic}
   size_t G1HeapRegionSize                         = 1048576                                   {product} {ergonomic}
    uintx GCDrainStackTargetSize                   = 64                                        {product} {ergonomic}
   size_t InitialHeapSize                          = 132120576                                 {product} {ergonomic}
     bool ManagementServer                         = true                                      {product} {command line}
   size_t MarkStackSize                            = 4194304                                   {product} {ergonomic}
   size_t MaxHeapSize                              = 2086666240                                {product} {ergonomic}
   size_t MaxNewSize                               = 1251999744                                {product} {ergonomic}
   size_t MinHeapDeltaBytes                        = 1048576                                   {product} {ergonomic}
   size_t MinHeapSize                              = 8388608                                   {product} {ergonomic}
    uintx NonProfiledCodeHeapSize                  = 0                                      {pd product} {ergonomic}
     bool ProfileInterpreter                       = false                                  {pd product} {command line}
    uintx ProfiledCodeHeapSize                     = 0                                      {pd product} {ergonomic}
   size_t SoftMaxHeapSize                          = 2086666240                             {manageable} {ergonomic}
     intx TieredStopAtLevel                        = 1                                         {product} {command line}
     bool UseCompressedClassPointers               = true                           {product lp64_product} {ergonomic}
     bool UseCompressedOops                        = true                           {product lp64_product} {ergonomic}
     bool UseG1GC                                  = true                                      {product} {ergonomic}
     bool UseLargePagesIndividualAllocation        = false                                  {pd product} {ergonomic}

Logging:
Log output configuration:
 #0: stdout all=warning uptime,level,tags
 #1: stderr all=off uptime,level,tags

Environment Variables:
JAVA_HOME=D:\java\jdk-13.0.2
CLASSPATH=.;D:\java\jdk-13.0.2\lib\dt.jar;D:\java\jdk-13.0.2\lib\tools.jar
PATH=C:\WINDOWS\system32;C:\WINDOWS;C:\WINDOWS\System32\Wbem;C:\WINDOWS\System32\WindowsPowerShell\v1.0\;C:\WINDOWS\System32\OpenSSH\;C:\Program Files\dotnet\;C:\Program Files\Microsoft SQL Server\130\Tools\Binn\;C:\Program Files\Microsoft SQL Server\Client SDK\ODBC\170\Tools\Binn\;D:\java\jdk-13.0.2\bin;D:\java\jdk-13.0.2\jre\bin;D:\java\apache-maven-3.6.3\bin;D:\java\mysql-5.7.29-winx64\bin;D:\Tools\node\;C:\Users\YangJ\AppData\Roaming\npm;D:\Tools\node\node_modules;D:\Program Files\Git\cmd;C:\Program Files (x86)\Calibre2\;C:\Program Files (x86)\PuTTY\;D:\Program Files (x86)\Tencent\web\dll;C:\Users\YangJ\AppData\Local\Programs\Python\Python311;D:\Tools\anaconda3;D:\Tools\anaconda3\Scripts;D:\Tools\anaconda3\Library\bin;C:\Users\YangJ\AppData\Local\Microsoft\WindowsApps;";D:\java\jdk-13.0.2\bin;D:\java\jdk-13.0.2\jre\bin;C:\Users\YangJ\AppData\Roaming\npm;;D:\Users\YangJ\AppData\Local\Programs\Fiddler
USERNAME=YangJ
OS=Windows_NT
PROCESSOR_IDENTIFIER=Intel64 Family 6 Model 126 Stepping 5, GenuineIntel
TMP=C:\Users\YangJ\AppData\Local\Temp
TEMP=C:\Users\YangJ\AppData\Local\Temp



---------------  S Y S T E M  ---------------

OS:
 Windows 11 , 64 bit Build 22000 (10.0.22000.1219)
OS uptime: 8 days 18:55 hours

CPU: total 8 (initial active 8) (4 cores per cpu, 2 threads per core) family 6 model 126 stepping 5 microcode 0xb2, cx8, cmov, fxsr, ht, mmx, 3dnowpref, sse, sse2, sse3, ssse3, sse4.1, sse4.2, popcnt, lzcnt, tsc, tscinvbit, avx, avx2, aes, erms, clmul, bmi1, bmi2, adx, avx512f, avx512dq, avx512cd, avx512bw, avx512vl, sha, fma, vzeroupper, avx512_vpopcntdq, avx512_vpclmulqdq, avx512_vaes, avx512_vnni, clflush, clflushopt, avx512_vbmi2, avx512_vbmi

Memory: 4k page, system-wide physical 7959M (366M free)
TotalPageFile size 18244M (AvailPageFile size 5084M)
current process WorkingSet (physical memory assigned to process): 130M, peak: 130M
current process commit charge ("private bytes"): 170M, peak: 244M

vm_info: OpenJDK 64-Bit Server VM (17.0.5+8-LTS) for windows-amd64 JRE (17.0.5+8-LTS) (Zulu17.38+21-CA), built on Oct  7 2022 12:56:14 by "zulu_re" with MS VC++ 16.10 / 16.11 (VS2019)

END.
